<?xml version="1.0" encoding="UTF-8"?>
<!-- Generated by org.testng.reporters.JUnitReportReporter -->
<testsuite hostname="LAPTOP-JNNEFS37" failures="0" tests="1" name="FlipkartLogin" time="9.617" errors="0" timestamp="2024-12-01T22:48:43 IST" skipped="0">
  <testcase classname="FlipkartLogin" name="Logintest" time="9.617"/>
</testsuite> <!-- FlipkartLogin -->
