<?xml version="1.0" encoding="UTF-8"?>
<!-- Generated by org.testng.reporters.JUnitReportReporter -->
<testsuite hostname="LAPTOP-JNNEFS37" failures="0" tests="1" name="FlipkartLogin" time="7.548" errors="0" timestamp="2024-12-01T22:42:38 IST" skipped="0">
  <testcase classname="FlipkartLogin" name="Logintest" time="7.548"/>
</testsuite> <!-- FlipkartLogin -->
